<?xml version="1.0" encoding="UTF-8"?>
<testsuite name="com.example.SpringBoot.web.PostsApiControllerTest" tests="2" skipped="0" failures="0" errors="0" timestamp="2021-11-17T10:40:44" hostname="DESKTOP-12V2IF3" time="0.07">
  <properties/>
  <testcase name="Posts_등록된다()" classname="com.example.SpringBoot.web.PostsApiControllerTest" time="0.047"/>
  <testcase name="Posts_수정된다()" classname="com.example.SpringBoot.web.PostsApiControllerTest" time="0.022"/>
  <system-out><![CDATA[2021-11-17 19:40:44.470  INFO 8484 --- [    Test worker] .b.t.c.SpringBootTestContextBootstrapper : Neither @ContextConfiguration nor @ContextHierarchy found for test class [com.example.SpringBoot.web.PostsApiControllerTest], using SpringBootContextLoader
2021-11-17 19:40:44.470  INFO 8484 --- [    Test worker] o.s.t.c.support.AbstractContextLoader    : Could not detect default resource locations for test class [com.example.SpringBoot.web.PostsApiControllerTest]: no resource found for suffixes {-context.xml, Context.groovy}.
2021-11-17 19:40:44.471  INFO 8484 --- [    Test worker] t.c.s.AnnotationConfigContextLoaderUtils : Could not detect default configuration classes for test class [com.example.SpringBoot.web.PostsApiControllerTest]: PostsApiControllerTest does not declare any static, non-private, non-final, nested classes annotated with @Configuration.
2021-11-17 19:40:44.472  INFO 8484 --- [    Test worker] .b.t.c.SpringBootTestContextBootstrapper : Found @SpringBootConfiguration com.example.SpringBoot.Application for test class com.example.SpringBoot.web.PostsApiControllerTest
2021-11-17 19:40:44.473  INFO 8484 --- [    Test worker] .b.t.c.SpringBootTestContextBootstrapper : Loaded default TestExecutionListener class names from location [META-INF/spring.factories]: [org.springframework.security.test.context.support.WithSecurityContextTestExecutionListener, org.springframework.security.test.context.support.ReactorContextTestExecutionListener, org.springframework.boot.test.autoconfigure.restdocs.RestDocsTestExecutionListener, org.springframework.boot.test.autoconfigure.web.client.MockRestServiceServerResetTestExecutionListener, org.springframework.boot.test.autoconfigure.web.servlet.MockMvcPrintOnlyOnFailureTestExecutionListener, org.springframework.boot.test.autoconfigure.web.servlet.WebDriverTestExecutionListener, org.springframework.boot.test.autoconfigure.webservices.client.MockWebServiceServerTestExecutionListener, org.springframework.boot.test.mock.mockito.MockitoTestExecutionListener, org.springframework.boot.test.mock.mockito.ResetMocksTestExecutionListener, org.springframework.test.context.web.ServletTestExecutionListener, org.springframework.test.context.support.DirtiesContextBeforeModesTestExecutionListener, org.springframework.test.context.support.DependencyInjectionTestExecutionListener, org.springframework.test.context.support.DirtiesContextTestExecutionListener, org.springframework.test.context.transaction.TransactionalTestExecutionListener, org.springframework.test.context.jdbc.SqlScriptsTestExecutionListener, org.springframework.test.context.event.EventPublishingTestExecutionListener]
2021-11-17 19:40:44.473  INFO 8484 --- [    Test worker] .b.t.c.SpringBootTestContextBootstrapper : Using TestExecutionListeners: [org.springframework.test.context.web.ServletTestExecutionListener@46b1eddf, org.springframework.test.context.support.DirtiesContextBeforeModesTestExecutionListener@58ccdab2, org.springframework.boot.test.mock.mockito.MockitoTestExecutionListener@7b3c6115, org.springframework.boot.test.autoconfigure.SpringBootDependencyInjectionTestExecutionListener@2b636867, org.springframework.test.context.support.DirtiesContextTestExecutionListener@62f5a7c1, org.springframework.test.context.transaction.TransactionalTestExecutionListener@5cd2f867, org.springframework.test.context.jdbc.SqlScriptsTestExecutionListener@447e0e21, org.springframework.security.test.context.support.WithSecurityContextTestExecutionListener@746e6699, org.springframework.test.context.event.EventPublishingTestExecutionListener@3b6a1c7a, org.springframework.security.test.context.support.ReactorContextTestExecutionListener@70b0cab0, org.springframework.boot.test.autoconfigure.restdocs.RestDocsTestExecutionListener@448bdd81, org.springframework.boot.test.autoconfigure.web.client.MockRestServiceServerResetTestExecutionListener@43563127, org.springframework.boot.test.autoconfigure.web.servlet.MockMvcPrintOnlyOnFailureTestExecutionListener@28b47cfb, org.springframework.boot.test.autoconfigure.web.servlet.WebDriverTestExecutionListener@5e27d617, org.springframework.boot.test.autoconfigure.webservices.client.MockWebServiceServerTestExecutionListener@44da6f87, org.springframework.boot.test.mock.mockito.ResetMocksTestExecutionListener@36f7a132]
2021-11-17 19:40:44.480  INFO 8484 --- [    Test worker] o.a.c.c.C.[Tomcat].[localhost].[/]       : Initializing Spring TestDispatcherServlet ''
2021-11-17 19:40:44.481  INFO 8484 --- [    Test worker] o.s.t.web.servlet.TestDispatcherServlet  : Initializing Servlet ''
2021-11-17 19:40:44.481  INFO 8484 --- [    Test worker] o.s.t.web.servlet.TestDispatcherServlet  : Completed initialization in 0 ms
Hibernate: insert into posts (created_date, modified_date, author, content, title) values (?, ?, ?, ?, ?)
Hibernate: select posts0_.id as id1_0_, posts0_.created_date as created_2_0_, posts0_.modified_date as modified3_0_, posts0_.author as author4_0_, posts0_.content as content5_0_, posts0_.title as title6_0_ from posts posts0_
Hibernate: select posts0_.id as id1_0_, posts0_.created_date as created_2_0_, posts0_.modified_date as modified3_0_, posts0_.author as author4_0_, posts0_.content as content5_0_, posts0_.title as title6_0_ from posts posts0_
Hibernate: delete from posts where id=?
2021-11-17 19:40:44.526  INFO 8484 --- [    Test worker] o.a.c.c.C.[Tomcat].[localhost].[/]       : Initializing Spring TestDispatcherServlet ''
2021-11-17 19:40:44.526  INFO 8484 --- [    Test worker] o.s.t.web.servlet.TestDispatcherServlet  : Initializing Servlet ''
2021-11-17 19:40:44.526  INFO 8484 --- [    Test worker] o.s.t.web.servlet.TestDispatcherServlet  : Completed initialization in 0 ms
Hibernate: insert into posts (created_date, modified_date, author, content, title) values (?, ?, ?, ?, ?)
Hibernate: select posts0_.id as id1_0_, posts0_.created_date as created_2_0_, posts0_.modified_date as modified3_0_, posts0_.author as author4_0_, posts0_.content as content5_0_, posts0_.title as title6_0_ from posts posts0_
Hibernate: select posts0_.id as id1_0_, posts0_.created_date as created_2_0_, posts0_.modified_date as modified3_0_, posts0_.author as author4_0_, posts0_.content as content5_0_, posts0_.title as title6_0_ from posts posts0_
Hibernate: delete from posts where id=?
]]></system-out>
  <system-err><![CDATA[]]></system-err>
</testsuite>
