<?xml version="1.0" encoding="UTF-8"?>
<testsuite name="com.example.SpringBoot.web.HelloControllerTest" tests="2" skipped="0" failures="0" errors="0" timestamp="2021-11-16T04:25:16" hostname="DESKTOP-12V2IF3" time="0.037">
  <properties/>
  <testcase name="hello가_리턴된다()" classname="com.example.SpringBoot.web.HelloControllerTest" time="0.014"/>
  <testcase name="helloDto가_리턴된다()" classname="com.example.SpringBoot.web.HelloControllerTest" time="0.022"/>
  <system-out><![CDATA[2021-11-16 13:25:15.837  INFO 7696 --- [    Test worker] .b.t.a.w.s.WebMvcTestContextBootstrapper : Neither @ContextConfiguration nor @ContextHierarchy found for test class [com.example.SpringBoot.web.HelloControllerTest], using SpringBootContextLoader
2021-11-16 13:25:15.837  INFO 7696 --- [    Test worker] o.s.t.c.support.AbstractContextLoader    : Could not detect default resource locations for test class [com.example.SpringBoot.web.HelloControllerTest]: no resource found for suffixes {-context.xml, Context.groovy}.
2021-11-16 13:25:15.837  INFO 7696 --- [    Test worker] t.c.s.AnnotationConfigContextLoaderUtils : Could not detect default configuration classes for test class [com.example.SpringBoot.web.HelloControllerTest]: HelloControllerTest does not declare any static, non-private, non-final, nested classes annotated with @Configuration.
2021-11-16 13:25:15.846  INFO 7696 --- [    Test worker] .b.t.c.SpringBootTestContextBootstrapper : Found @SpringBootConfiguration com.example.SpringBoot.Application for test class com.example.SpringBoot.web.HelloControllerTest
2021-11-16 13:25:15.846  INFO 7696 --- [    Test worker] .b.t.a.w.s.WebMvcTestContextBootstrapper : Loaded default TestExecutionListener class names from location [META-INF/spring.factories]: [org.springframework.security.test.context.support.WithSecurityContextTestExecutionListener, org.springframework.security.test.context.support.ReactorContextTestExecutionListener, org.springframework.boot.test.autoconfigure.restdocs.RestDocsTestExecutionListener, org.springframework.boot.test.autoconfigure.web.client.MockRestServiceServerResetTestExecutionListener, org.springframework.boot.test.autoconfigure.web.servlet.MockMvcPrintOnlyOnFailureTestExecutionListener, org.springframework.boot.test.autoconfigure.web.servlet.WebDriverTestExecutionListener, org.springframework.boot.test.autoconfigure.webservices.client.MockWebServiceServerTestExecutionListener, org.springframework.boot.test.mock.mockito.MockitoTestExecutionListener, org.springframework.boot.test.mock.mockito.ResetMocksTestExecutionListener, org.springframework.test.context.web.ServletTestExecutionListener, org.springframework.test.context.support.DirtiesContextBeforeModesTestExecutionListener, org.springframework.test.context.support.DependencyInjectionTestExecutionListener, org.springframework.test.context.support.DirtiesContextTestExecutionListener, org.springframework.test.context.transaction.TransactionalTestExecutionListener, org.springframework.test.context.jdbc.SqlScriptsTestExecutionListener, org.springframework.test.context.event.EventPublishingTestExecutionListener]
2021-11-16 13:25:15.847  INFO 7696 --- [    Test worker] .b.t.a.w.s.WebMvcTestContextBootstrapper : Using TestExecutionListeners: [org.springframework.test.context.web.ServletTestExecutionListener@2ef06841, org.springframework.test.context.support.DirtiesContextBeforeModesTestExecutionListener@10167dd7, org.springframework.boot.test.mock.mockito.MockitoTestExecutionListener@5f58f521, org.springframework.boot.test.autoconfigure.SpringBootDependencyInjectionTestExecutionListener@2d5a6980, org.springframework.test.context.support.DirtiesContextTestExecutionListener@c5be0a, org.springframework.test.context.transaction.TransactionalTestExecutionListener@239e8300, org.springframework.test.context.jdbc.SqlScriptsTestExecutionListener@3b779baf, org.springframework.security.test.context.support.WithSecurityContextTestExecutionListener@459ff328, org.springframework.test.context.event.EventPublishingTestExecutionListener@6887207f, org.springframework.security.test.context.support.ReactorContextTestExecutionListener@3f5628ec, org.springframework.boot.test.autoconfigure.restdocs.RestDocsTestExecutionListener@38fb664a, org.springframework.boot.test.autoconfigure.web.client.MockRestServiceServerResetTestExecutionListener@247d4ce, org.springframework.boot.test.autoconfigure.web.servlet.MockMvcPrintOnlyOnFailureTestExecutionListener@53929821, org.springframework.boot.test.autoconfigure.web.servlet.WebDriverTestExecutionListener@5d0ddbf7, org.springframework.boot.test.autoconfigure.webservices.client.MockWebServiceServerTestExecutionListener@3e272f2a, org.springframework.boot.test.mock.mockito.ResetMocksTestExecutionListener@27a7d84]

  .   ____          _            __ _ _
 /\\ / ___'_ __ _ _(_)_ __  __ _ \ \ \ \
( ( )\___ | '_ | '_| | '_ \/ _` | \ \ \ \
 \\/  ___)| |_)| | | | | || (_| |  ) ) ) )
  '  |____| .__|_| |_|_| |_\__, | / / / /
 =========|_|==============|___/=/_/_/_/
 :: Spring Boot ::                (v2.4.1)

2021-11-16 13:25:15.864  INFO 7696 --- [    Test worker] c.e.SpringBoot.web.HelloControllerTest   : Starting HelloControllerTest using Java 11.0.13 on DESKTOP-12V2IF3 with PID 7696 (started by 장지혁 in C:\Users\장지혁\Desktop\code\SpringBoot)
2021-11-16 13:25:15.864  INFO 7696 --- [    Test worker] c.e.SpringBoot.web.HelloControllerTest   : The following profiles are active: oauth
2021-11-16 13:25:16.084  INFO 7696 --- [    Test worker] o.s.s.concurrent.ThreadPoolTaskExecutor  : Initializing ExecutorService 'applicationTaskExecutor'
2021-11-16 13:25:16.102  INFO 7696 --- [    Test worker] o.s.b.a.w.s.WelcomePageHandlerMapping    : Adding welcome page template: index
2021-11-16 13:25:16.289  INFO 7696 --- [    Test worker] o.s.s.web.DefaultSecurityFilterChain     : Will secure any request with [org.springframework.security.web.context.request.async.WebAsyncManagerIntegrationFilter@5bd816ff, org.springframework.security.web.context.SecurityContextPersistenceFilter@4cb42881, org.springframework.security.web.header.HeaderWriterFilter@10c38eed, org.springframework.security.web.csrf.CsrfFilter@3d31d151, org.springframework.security.web.authentication.logout.LogoutFilter@5e073903, org.springframework.security.oauth2.client.web.OAuth2AuthorizationRequestRedirectFilter@34ca4526, org.springframework.security.oauth2.client.web.OAuth2AuthorizationRequestRedirectFilter@14475342, org.springframework.security.oauth2.client.web.OAuth2LoginAuthenticationFilter@6b2ad941, org.springframework.security.web.authentication.ui.DefaultLoginPageGeneratingFilter@775d6fee, org.springframework.security.web.authentication.ui.DefaultLogoutPageGeneratingFilter@39555fd7, org.springframework.security.web.savedrequest.RequestCacheAwareFilter@3443a613, org.springframework.security.web.servletapi.SecurityContextHolderAwareRequestFilter@38fbf290, org.springframework.security.web.authentication.AnonymousAuthenticationFilter@f3d1683, org.springframework.security.oauth2.client.web.OAuth2AuthorizationCodeGrantFilter@732ee5c4, org.springframework.security.web.session.SessionManagementFilter@736f10be, org.springframework.security.web.access.ExceptionTranslationFilter@23cb789c, org.springframework.security.web.access.intercept.FilterSecurityInterceptor@fc3b26d]
2021-11-16 13:25:16.327  INFO 7696 --- [    Test worker] o.s.b.t.m.w.SpringBootMockServletContext : Initializing Spring TestDispatcherServlet ''
2021-11-16 13:25:16.327  INFO 7696 --- [    Test worker] o.s.t.web.servlet.TestDispatcherServlet  : Initializing Servlet ''
2021-11-16 13:25:16.327  INFO 7696 --- [    Test worker] o.s.t.web.servlet.TestDispatcherServlet  : Completed initialization in 0 ms
2021-11-16 13:25:16.335  INFO 7696 --- [    Test worker] c.e.SpringBoot.web.HelloControllerTest   : Started HelloControllerTest in 0.486 seconds (JVM running for 7.181)
]]></system-out>
  <system-err><![CDATA[]]></system-err>
</testsuite>
