<?xml version="1.0" encoding="UTF-8"?>
<testsuite name="com.example.SpringBoot.domain.posts.PostsRepositoryTest" tests="2" skipped="0" failures="0" errors="0" timestamp="2021-11-17T10:40:42" hostname="DESKTOP-12V2IF3" time="0.249">
  <properties/>
  <testcase name="게시글저장_불러오기()" classname="com.example.SpringBoot.domain.posts.PostsRepositoryTest" time="0.238"/>
  <testcase name="BaseTimeEntity_등록()" classname="com.example.SpringBoot.domain.posts.PostsRepositoryTest" time="0.01"/>
  <system-out><![CDATA[19:40:38.058 [Test worker] DEBUG org.springframework.test.context.BootstrapUtils - Instantiating CacheAwareContextLoaderDelegate from class [org.springframework.test.context.cache.DefaultCacheAwareContextLoaderDelegate]
19:40:38.070 [Test worker] DEBUG org.springframework.test.context.BootstrapUtils - Instantiating BootstrapContext using constructor [public org.springframework.test.context.support.DefaultBootstrapContext(java.lang.Class,org.springframework.test.context.CacheAwareContextLoaderDelegate)]
19:40:38.101 [Test worker] DEBUG org.springframework.test.context.BootstrapUtils - Instantiating TestContextBootstrapper for test class [com.example.SpringBoot.domain.posts.PostsRepositoryTest] from class [org.springframework.boot.test.context.SpringBootTestContextBootstrapper]
19:40:38.113 [Test worker] INFO org.springframework.boot.test.context.SpringBootTestContextBootstrapper - Neither @ContextConfiguration nor @ContextHierarchy found for test class [com.example.SpringBoot.domain.posts.PostsRepositoryTest], using SpringBootContextLoader
19:40:38.118 [Test worker] DEBUG org.springframework.test.context.support.AbstractContextLoader - Did not detect default resource location for test class [com.example.SpringBoot.domain.posts.PostsRepositoryTest]: class path resource [com/example/SpringBoot/domain/posts/PostsRepositoryTest-context.xml] does not exist
19:40:38.118 [Test worker] DEBUG org.springframework.test.context.support.AbstractContextLoader - Did not detect default resource location for test class [com.example.SpringBoot.domain.posts.PostsRepositoryTest]: class path resource [com/example/SpringBoot/domain/posts/PostsRepositoryTestContext.groovy] does not exist
19:40:38.119 [Test worker] INFO org.springframework.test.context.support.AbstractContextLoader - Could not detect default resource locations for test class [com.example.SpringBoot.domain.posts.PostsRepositoryTest]: no resource found for suffixes {-context.xml, Context.groovy}.
19:40:38.119 [Test worker] INFO org.springframework.test.context.support.AnnotationConfigContextLoaderUtils - Could not detect default configuration classes for test class [com.example.SpringBoot.domain.posts.PostsRepositoryTest]: PostsRepositoryTest does not declare any static, non-private, non-final, nested classes annotated with @Configuration.
19:40:38.159 [Test worker] DEBUG org.springframework.test.context.support.ActiveProfilesUtils - Could not find an 'annotation declaring class' for annotation type [org.springframework.test.context.ActiveProfiles] and class [com.example.SpringBoot.domain.posts.PostsRepositoryTest]
19:40:38.220 [Test worker] DEBUG org.springframework.context.annotation.ClassPathScanningCandidateComponentProvider - Identified candidate component class: file [C:\Users\장지혁\Desktop\code\SpringBoot\build\classes\java\main\com\example\SpringBoot\Application.class]
19:40:38.221 [Test worker] INFO org.springframework.boot.test.context.SpringBootTestContextBootstrapper - Found @SpringBootConfiguration com.example.SpringBoot.Application for test class com.example.SpringBoot.domain.posts.PostsRepositoryTest
19:40:38.308 [Test worker] DEBUG org.springframework.boot.test.context.SpringBootTestContextBootstrapper - @TestExecutionListeners is not present for class [com.example.SpringBoot.domain.posts.PostsRepositoryTest]: using defaults.
19:40:38.309 [Test worker] INFO org.springframework.boot.test.context.SpringBootTestContextBootstrapper - Loaded default TestExecutionListener class names from location [META-INF/spring.factories]: [org.springframework.security.test.context.support.WithSecurityContextTestExecutionListener, org.springframework.security.test.context.support.ReactorContextTestExecutionListener, org.springframework.boot.test.autoconfigure.restdocs.RestDocsTestExecutionListener, org.springframework.boot.test.autoconfigure.web.client.MockRestServiceServerResetTestExecutionListener, org.springframework.boot.test.autoconfigure.web.servlet.MockMvcPrintOnlyOnFailureTestExecutionListener, org.springframework.boot.test.autoconfigure.web.servlet.WebDriverTestExecutionListener, org.springframework.boot.test.autoconfigure.webservices.client.MockWebServiceServerTestExecutionListener, org.springframework.boot.test.mock.mockito.MockitoTestExecutionListener, org.springframework.boot.test.mock.mockito.ResetMocksTestExecutionListener, org.springframework.test.context.web.ServletTestExecutionListener, org.springframework.test.context.support.DirtiesContextBeforeModesTestExecutionListener, org.springframework.test.context.support.DependencyInjectionTestExecutionListener, org.springframework.test.context.support.DirtiesContextTestExecutionListener, org.springframework.test.context.transaction.TransactionalTestExecutionListener, org.springframework.test.context.jdbc.SqlScriptsTestExecutionListener, org.springframework.test.context.event.EventPublishingTestExecutionListener]
19:40:38.326 [Test worker] INFO org.springframework.boot.test.context.SpringBootTestContextBootstrapper - Using TestExecutionListeners: [org.springframework.test.context.web.ServletTestExecutionListener@286454e9, org.springframework.test.context.support.DirtiesContextBeforeModesTestExecutionListener@190ee3c3, org.springframework.boot.test.mock.mockito.MockitoTestExecutionListener@63b26093, org.springframework.boot.test.autoconfigure.SpringBootDependencyInjectionTestExecutionListener@3af36eb9, org.springframework.test.context.support.DirtiesContextTestExecutionListener@303ab612, org.springframework.test.context.transaction.TransactionalTestExecutionListener@5e445b2d, org.springframework.test.context.jdbc.SqlScriptsTestExecutionListener@2e021e8e, org.springframework.security.test.context.support.WithSecurityContextTestExecutionListener@f252b51, org.springframework.test.context.event.EventPublishingTestExecutionListener@6a4a8681, org.springframework.security.test.context.support.ReactorContextTestExecutionListener@16ab35d6, org.springframework.boot.test.autoconfigure.restdocs.RestDocsTestExecutionListener@28e3bfe3, org.springframework.boot.test.autoconfigure.web.client.MockRestServiceServerResetTestExecutionListener@eba660d, org.springframework.boot.test.autoconfigure.web.servlet.MockMvcPrintOnlyOnFailureTestExecutionListener@307a97d5, org.springframework.boot.test.autoconfigure.web.servlet.WebDriverTestExecutionListener@7fb00189, org.springframework.boot.test.autoconfigure.webservices.client.MockWebServiceServerTestExecutionListener@4a99b53b, org.springframework.boot.test.mock.mockito.ResetMocksTestExecutionListener@17ce386b]
19:40:38.329 [Test worker] DEBUG org.springframework.test.context.support.AbstractDirtiesContextTestExecutionListener - Before test class: context [DefaultTestContext@28db93c3 testClass = PostsRepositoryTest, testInstance = [null], testMethod = [null], testException = [null], mergedContextConfiguration = [WebMergedContextConfiguration@59649179 testClass = PostsRepositoryTest, locations = '{}', classes = '{class com.example.SpringBoot.Application}', contextInitializerClasses = '[]', activeProfiles = '{}', propertySourceLocations = '{}', propertySourceProperties = '{org.springframework.boot.test.context.SpringBootTestContextBootstrapper=true}', contextCustomizers = set[org.springframework.boot.test.autoconfigure.actuate.metrics.MetricsExportContextCustomizerFactory$DisableMetricExportContextCustomizer@1d3e508, org.springframework.boot.test.autoconfigure.properties.PropertyMappingContextCustomizer@0, org.springframework.boot.test.autoconfigure.web.servlet.WebDriverContextCustomizerFactory$Customizer@26c91360, org.springframework.boot.test.context.filter.ExcludeFilterContextCustomizer@2609f19a, org.springframework.boot.test.json.DuplicateJsonObjectContextCustomizerFactory$DuplicateJsonObjectContextCustomizer@74cead6d, org.springframework.boot.test.mock.mockito.MockitoContextCustomizer@0, org.springframework.boot.test.web.client.TestRestTemplateContextCustomizer@5cae7e47, org.springframework.boot.test.context.SpringBootTestArgs@1, org.springframework.boot.test.context.SpringBootTestWebEnvironment@6e6e00f5], resourceBasePath = 'src/main/webapp', contextLoader = 'org.springframework.boot.test.context.SpringBootContextLoader', parent = [null]], attributes = map['org.springframework.test.context.web.ServletTestExecutionListener.activateListener' -> true]], class annotated with @DirtiesContext [false] with mode [null].
19:40:38.361 [Test worker] DEBUG org.springframework.test.context.support.TestPropertySourceUtils - Adding inlined properties to environment: {spring.jmx.enabled=false, org.springframework.boot.test.context.SpringBootTestContextBootstrapper=true}

  .   ____          _            __ _ _
 /\\ / ___'_ __ _ _(_)_ __  __ _ \ \ \ \
( ( )\___ | '_ | '_| | '_ \/ _` | \ \ \ \
 \\/  ___)| |_)| | | | | || (_| |  ) ) ) )
  '  |____| .__|_| |_|_| |_\__, | / / / /
 =========|_|==============|___/=/_/_/_/
 :: Spring Boot ::                (v2.4.1)

2021-11-17 19:40:38.572  INFO 8484 --- [    Test worker] c.e.S.domain.posts.PostsRepositoryTest   : Starting PostsRepositoryTest using Java 11.0.13 on DESKTOP-12V2IF3 with PID 8484 (started by 장지혁 in C:\Users\장지혁\Desktop\code\SpringBoot)
2021-11-17 19:40:38.572  INFO 8484 --- [    Test worker] c.e.S.domain.posts.PostsRepositoryTest   : The following profiles are active: oauth
2021-11-17 19:40:39.184  INFO 8484 --- [    Test worker] .s.d.r.c.RepositoryConfigurationDelegate : Bootstrapping Spring Data JPA repositories in DEFAULT mode.
2021-11-17 19:40:39.236  INFO 8484 --- [    Test worker] .s.d.r.c.RepositoryConfigurationDelegate : Finished Spring Data repository scanning in 46 ms. Found 2 JPA repository interfaces.
2021-11-17 19:40:39.703  INFO 8484 --- [    Test worker] com.zaxxer.hikari.HikariDataSource       : HikariPool-1 - Starting...
2021-11-17 19:40:39.863  INFO 8484 --- [    Test worker] com.zaxxer.hikari.HikariDataSource       : HikariPool-1 - Start completed.
2021-11-17 19:40:39.922  INFO 8484 --- [    Test worker] o.hibernate.jpa.internal.util.LogHelper  : HHH000204: Processing PersistenceUnitInfo [name: default]
2021-11-17 19:40:39.985  INFO 8484 --- [    Test worker] org.hibernate.Version                    : HHH000412: Hibernate ORM core version 5.4.25.Final
2021-11-17 19:40:40.138  INFO 8484 --- [    Test worker] o.hibernate.annotations.common.Version   : HCANN000001: Hibernate Commons Annotations {5.1.2.Final}
2021-11-17 19:40:40.253  INFO 8484 --- [    Test worker] org.hibernate.dialect.Dialect            : HHH000400: Using dialect: org.hibernate.dialect.MySQL57Dialect
Hibernate: drop table if exists posts
Hibernate: drop table if exists user
Hibernate: create table posts (id bigint not null auto_increment, created_date datetime(6), modified_date datetime(6), author varchar(255), content TEXT not null, title varchar(500) not null, primary key (id)) engine=InnoDB
Hibernate: create table user (id bigint not null auto_increment, created_date datetime(6), modified_date datetime(6), email varchar(255) not null, name varchar(255) not null, picture varchar(255), role varchar(255) not null, primary key (id)) engine=InnoDB
2021-11-17 19:40:40.835  INFO 8484 --- [    Test worker] o.h.e.t.j.p.i.JtaPlatformInitiator       : HHH000490: Using JtaPlatform implementation: [org.hibernate.engine.transaction.jta.platform.internal.NoJtaPlatform]
2021-11-17 19:40:40.841  INFO 8484 --- [    Test worker] j.LocalContainerEntityManagerFactoryBean : Initialized JPA EntityManagerFactory for persistence unit 'default'
2021-11-17 19:40:41.238  WARN 8484 --- [    Test worker] JpaBaseConfiguration$JpaWebConfiguration : spring.jpa.open-in-view is enabled by default. Therefore, database queries may be performed during view rendering. Explicitly configure spring.jpa.open-in-view to disable this warning
2021-11-17 19:40:41.621  INFO 8484 --- [    Test worker] o.s.s.web.DefaultSecurityFilterChain     : Will secure any request with [org.springframework.security.web.context.request.async.WebAsyncManagerIntegrationFilter@3650fc53, org.springframework.security.web.context.SecurityContextPersistenceFilter@eab21cc, org.springframework.security.web.header.HeaderWriterFilter@6c6b3da3, org.springframework.security.web.authentication.logout.LogoutFilter@e102557, org.springframework.security.oauth2.client.web.OAuth2AuthorizationRequestRedirectFilter@305252ba, org.springframework.security.oauth2.client.web.OAuth2LoginAuthenticationFilter@7a6517e4, org.springframework.security.web.authentication.ui.DefaultLoginPageGeneratingFilter@7c43bd57, org.springframework.security.web.authentication.ui.DefaultLogoutPageGeneratingFilter@6ff2d137, org.springframework.security.web.savedrequest.RequestCacheAwareFilter@35eb4b35, org.springframework.security.web.servletapi.SecurityContextHolderAwareRequestFilter@68bdfc7e, org.springframework.security.web.authentication.AnonymousAuthenticationFilter@3c5d6d9, org.springframework.security.web.session.SessionManagementFilter@5f3232f, org.springframework.security.web.access.ExceptionTranslationFilter@539b82e7, org.springframework.security.web.access.intercept.FilterSecurityInterceptor@4156f00]
2021-11-17 19:40:41.902  INFO 8484 --- [    Test worker] o.s.s.concurrent.ThreadPoolTaskExecutor  : Initializing ExecutorService 'applicationTaskExecutor'
2021-11-17 19:40:41.944  INFO 8484 --- [    Test worker] o.s.b.a.h2.H2ConsoleAutoConfiguration    : H2 console available at '/h2-console'. Database available at 'jdbc:h2:mem:test'
2021-11-17 19:40:41.994  INFO 8484 --- [    Test worker] o.s.b.a.w.s.WelcomePageHandlerMapping    : Adding welcome page template: index
2021-11-17 19:40:42.279  INFO 8484 --- [    Test worker] s.a.ScheduledAnnotationBeanPostProcessor : No TaskScheduler/ScheduledExecutorService bean found for scheduled processing
2021-11-17 19:40:42.288  INFO 8484 --- [    Test worker] c.e.S.domain.posts.PostsRepositoryTest   : Started PostsRepositoryTest in 3.919 seconds (JVM running for 5.014)
Hibernate: insert into posts (created_date, modified_date, author, content, title) values (?, ?, ?, ?, ?)
Hibernate: select posts0_.id as id1_0_, posts0_.created_date as created_2_0_, posts0_.modified_date as modified3_0_, posts0_.author as author4_0_, posts0_.content as content5_0_, posts0_.title as title6_0_ from posts posts0_
Hibernate: select posts0_.id as id1_0_, posts0_.created_date as created_2_0_, posts0_.modified_date as modified3_0_, posts0_.author as author4_0_, posts0_.content as content5_0_, posts0_.title as title6_0_ from posts posts0_
Hibernate: delete from posts where id=?
Hibernate: insert into posts (created_date, modified_date, author, content, title) values (?, ?, ?, ?, ?)
Hibernate: select posts0_.id as id1_0_, posts0_.created_date as created_2_0_, posts0_.modified_date as modified3_0_, posts0_.author as author4_0_, posts0_.content as content5_0_, posts0_.title as title6_0_ from posts posts0_
>>>>>>>>> createDate=2021-11-17T19:40:42.543523, modifiedDate=2021-11-17T19:40:42.543523
Hibernate: select posts0_.id as id1_0_, posts0_.created_date as created_2_0_, posts0_.modified_date as modified3_0_, posts0_.author as author4_0_, posts0_.content as content5_0_, posts0_.title as title6_0_ from posts posts0_
Hibernate: delete from posts where id=?
]]></system-out>
  <system-err><![CDATA[]]></system-err>
</testsuite>
