<?xml version="1.0" encoding="UTF-8"?>
<testsuite name="com.example.SpringBoot.web.IndexControllerTest" tests="1" skipped="0" failures="0" errors="0" timestamp="2021-11-05T16:55:56" hostname="DESKTOP-12V2IF3" time="0.26">
  <properties/>
  <testcase name="메인페이지_로딩()" classname="com.example.SpringBoot.web.IndexControllerTest" time="0.26"/>
  <system-out><![CDATA[01:55:52.497 [Test worker] DEBUG org.springframework.test.context.BootstrapUtils - Instantiating CacheAwareContextLoaderDelegate from class [org.springframework.test.context.cache.DefaultCacheAwareContextLoaderDelegate]
01:55:52.512 [Test worker] DEBUG org.springframework.test.context.BootstrapUtils - Instantiating BootstrapContext using constructor [public org.springframework.test.context.support.DefaultBootstrapContext(java.lang.Class,org.springframework.test.context.CacheAwareContextLoaderDelegate)]
01:55:52.538 [Test worker] DEBUG org.springframework.test.context.BootstrapUtils - Instantiating TestContextBootstrapper for test class [com.example.SpringBoot.web.IndexControllerTest] from class [org.springframework.boot.test.context.SpringBootTestContextBootstrapper]
01:55:52.547 [Test worker] INFO org.springframework.boot.test.context.SpringBootTestContextBootstrapper - Neither @ContextConfiguration nor @ContextHierarchy found for test class [com.example.SpringBoot.web.IndexControllerTest], using SpringBootContextLoader
01:55:52.551 [Test worker] DEBUG org.springframework.test.context.support.AbstractContextLoader - Did not detect default resource location for test class [com.example.SpringBoot.web.IndexControllerTest]: class path resource [com/example/SpringBoot/web/IndexControllerTest-context.xml] does not exist
01:55:52.551 [Test worker] DEBUG org.springframework.test.context.support.AbstractContextLoader - Did not detect default resource location for test class [com.example.SpringBoot.web.IndexControllerTest]: class path resource [com/example/SpringBoot/web/IndexControllerTestContext.groovy] does not exist
01:55:52.551 [Test worker] INFO org.springframework.test.context.support.AbstractContextLoader - Could not detect default resource locations for test class [com.example.SpringBoot.web.IndexControllerTest]: no resource found for suffixes {-context.xml, Context.groovy}.
01:55:52.552 [Test worker] INFO org.springframework.test.context.support.AnnotationConfigContextLoaderUtils - Could not detect default configuration classes for test class [com.example.SpringBoot.web.IndexControllerTest]: IndexControllerTest does not declare any static, non-private, non-final, nested classes annotated with @Configuration.
01:55:52.587 [Test worker] DEBUG org.springframework.test.context.support.ActiveProfilesUtils - Could not find an 'annotation declaring class' for annotation type [org.springframework.test.context.ActiveProfiles] and class [com.example.SpringBoot.web.IndexControllerTest]
01:55:52.661 [Test worker] DEBUG org.springframework.context.annotation.ClassPathScanningCandidateComponentProvider - Identified candidate component class: file [C:\Users\장지혁\Desktop\code\SpringBoot\build\classes\java\main\com\example\SpringBoot\Application.class]
01:55:52.662 [Test worker] INFO org.springframework.boot.test.context.SpringBootTestContextBootstrapper - Found @SpringBootConfiguration com.example.SpringBoot.Application for test class com.example.SpringBoot.web.IndexControllerTest
01:55:52.739 [Test worker] DEBUG org.springframework.boot.test.context.SpringBootTestContextBootstrapper - @TestExecutionListeners is not present for class [com.example.SpringBoot.web.IndexControllerTest]: using defaults.
01:55:52.740 [Test worker] INFO org.springframework.boot.test.context.SpringBootTestContextBootstrapper - Loaded default TestExecutionListener class names from location [META-INF/spring.factories]: [org.springframework.boot.test.autoconfigure.restdocs.RestDocsTestExecutionListener, org.springframework.boot.test.autoconfigure.web.client.MockRestServiceServerResetTestExecutionListener, org.springframework.boot.test.autoconfigure.web.servlet.MockMvcPrintOnlyOnFailureTestExecutionListener, org.springframework.boot.test.autoconfigure.web.servlet.WebDriverTestExecutionListener, org.springframework.boot.test.autoconfigure.webservices.client.MockWebServiceServerTestExecutionListener, org.springframework.boot.test.mock.mockito.MockitoTestExecutionListener, org.springframework.boot.test.mock.mockito.ResetMocksTestExecutionListener, org.springframework.test.context.web.ServletTestExecutionListener, org.springframework.test.context.support.DirtiesContextBeforeModesTestExecutionListener, org.springframework.test.context.support.DependencyInjectionTestExecutionListener, org.springframework.test.context.support.DirtiesContextTestExecutionListener, org.springframework.test.context.transaction.TransactionalTestExecutionListener, org.springframework.test.context.jdbc.SqlScriptsTestExecutionListener, org.springframework.test.context.event.EventPublishingTestExecutionListener]
01:55:52.753 [Test worker] INFO org.springframework.boot.test.context.SpringBootTestContextBootstrapper - Using TestExecutionListeners: [org.springframework.test.context.web.ServletTestExecutionListener@7d3bf97f, org.springframework.test.context.support.DirtiesContextBeforeModesTestExecutionListener@21a18319, org.springframework.boot.test.mock.mockito.MockitoTestExecutionListener@72c3ccb7, org.springframework.boot.test.autoconfigure.SpringBootDependencyInjectionTestExecutionListener@2dac2485, org.springframework.test.context.support.DirtiesContextTestExecutionListener@f7ec04e, org.springframework.test.context.transaction.TransactionalTestExecutionListener@22ea23f3, org.springframework.test.context.jdbc.SqlScriptsTestExecutionListener@4e20e56d, org.springframework.test.context.event.EventPublishingTestExecutionListener@2647820, org.springframework.boot.test.autoconfigure.restdocs.RestDocsTestExecutionListener@7b61b492, org.springframework.boot.test.autoconfigure.web.client.MockRestServiceServerResetTestExecutionListener@867f5b6, org.springframework.boot.test.autoconfigure.web.servlet.MockMvcPrintOnlyOnFailureTestExecutionListener@41a5625a, org.springframework.boot.test.autoconfigure.web.servlet.WebDriverTestExecutionListener@6021b736, org.springframework.boot.test.autoconfigure.webservices.client.MockWebServiceServerTestExecutionListener@16925a84, org.springframework.boot.test.mock.mockito.ResetMocksTestExecutionListener@21efd7a5]
01:55:52.756 [Test worker] DEBUG org.springframework.test.context.support.AbstractDirtiesContextTestExecutionListener - Before test class: context [DefaultTestContext@45eb31bd testClass = IndexControllerTest, testInstance = [null], testMethod = [null], testException = [null], mergedContextConfiguration = [WebMergedContextConfiguration@5c0f90ec testClass = IndexControllerTest, locations = '{}', classes = '{class com.example.SpringBoot.Application}', contextInitializerClasses = '[]', activeProfiles = '{}', propertySourceLocations = '{}', propertySourceProperties = '{org.springframework.boot.test.context.SpringBootTestContextBootstrapper=true, server.port=0}', contextCustomizers = set[org.springframework.boot.test.autoconfigure.actuate.metrics.MetricsExportContextCustomizerFactory$DisableMetricExportContextCustomizer@6ba924d1, org.springframework.boot.test.autoconfigure.properties.PropertyMappingContextCustomizer@0, org.springframework.boot.test.autoconfigure.web.servlet.WebDriverContextCustomizerFactory$Customizer@e7b4487, org.springframework.boot.test.context.filter.ExcludeFilterContextCustomizer@5056e832, org.springframework.boot.test.json.DuplicateJsonObjectContextCustomizerFactory$DuplicateJsonObjectContextCustomizer@14e02504, org.springframework.boot.test.mock.mockito.MockitoContextCustomizer@0, org.springframework.boot.test.web.client.TestRestTemplateContextCustomizer@49452335, org.springframework.boot.test.context.SpringBootTestArgs@1, org.springframework.boot.test.context.SpringBootTestWebEnvironment@7370ed29], resourceBasePath = 'src/main/webapp', contextLoader = 'org.springframework.boot.test.context.SpringBootContextLoader', parent = [null]], attributes = map['org.springframework.test.context.web.ServletTestExecutionListener.activateListener' -> false]], class annotated with @DirtiesContext [false] with mode [null].
01:55:52.766 [Test worker] DEBUG org.springframework.test.context.support.DependencyInjectionTestExecutionListener - Performing dependency injection for test context [[DefaultTestContext@45eb31bd testClass = IndexControllerTest, testInstance = com.example.SpringBoot.web.IndexControllerTest@58cbf3d2, testMethod = [null], testException = [null], mergedContextConfiguration = [WebMergedContextConfiguration@5c0f90ec testClass = IndexControllerTest, locations = '{}', classes = '{class com.example.SpringBoot.Application}', contextInitializerClasses = '[]', activeProfiles = '{}', propertySourceLocations = '{}', propertySourceProperties = '{org.springframework.boot.test.context.SpringBootTestContextBootstrapper=true, server.port=0}', contextCustomizers = set[org.springframework.boot.test.autoconfigure.actuate.metrics.MetricsExportContextCustomizerFactory$DisableMetricExportContextCustomizer@6ba924d1, org.springframework.boot.test.autoconfigure.properties.PropertyMappingContextCustomizer@0, org.springframework.boot.test.autoconfigure.web.servlet.WebDriverContextCustomizerFactory$Customizer@e7b4487, org.springframework.boot.test.context.filter.ExcludeFilterContextCustomizer@5056e832, org.springframework.boot.test.json.DuplicateJsonObjectContextCustomizerFactory$DuplicateJsonObjectContextCustomizer@14e02504, org.springframework.boot.test.mock.mockito.MockitoContextCustomizer@0, org.springframework.boot.test.web.client.TestRestTemplateContextCustomizer@49452335, org.springframework.boot.test.context.SpringBootTestArgs@1, org.springframework.boot.test.context.SpringBootTestWebEnvironment@7370ed29], resourceBasePath = 'src/main/webapp', contextLoader = 'org.springframework.boot.test.context.SpringBootContextLoader', parent = [null]], attributes = map['org.springframework.test.context.web.ServletTestExecutionListener.activateListener' -> false]]].
01:55:52.790 [Test worker] DEBUG org.springframework.test.context.support.TestPropertySourceUtils - Adding inlined properties to environment: {spring.jmx.enabled=false, org.springframework.boot.test.context.SpringBootTestContextBootstrapper=true, server.port=0}

  .   ____          _            __ _ _
 /\\ / ___'_ __ _ _(_)_ __  __ _ \ \ \ \
( ( )\___ | '_ | '_| | '_ \/ _` | \ \ \ \
 \\/  ___)| |_)| | | | | || (_| |  ) ) ) )
  '  |____| .__|_| |_|_| |_\__, | / / / /
 =========|_|==============|___/=/_/_/_/
 :: Spring Boot ::                (v2.4.1)

2021-11-06 01:55:53.012  INFO 7924 --- [    Test worker] c.e.SpringBoot.web.IndexControllerTest   : Starting IndexControllerTest using Java 11.0.13 on DESKTOP-12V2IF3 with PID 7924 (started by 장지혁 in C:\Users\장지혁\Desktop\code\SpringBoot)
2021-11-06 01:55:53.014  INFO 7924 --- [    Test worker] c.e.SpringBoot.web.IndexControllerTest   : No active profile set, falling back to default profiles: default
2021-11-06 01:55:53.518  INFO 7924 --- [    Test worker] .s.d.r.c.RepositoryConfigurationDelegate : Bootstrapping Spring Data JPA repositories in DEFAULT mode.
2021-11-06 01:55:53.565  INFO 7924 --- [    Test worker] .s.d.r.c.RepositoryConfigurationDelegate : Finished Spring Data repository scanning in 40 ms. Found 1 JPA repository interfaces.
2021-11-06 01:55:54.082  INFO 7924 --- [    Test worker] o.s.b.w.embedded.tomcat.TomcatWebServer  : Tomcat initialized with port(s): 0 (http)
2021-11-06 01:55:54.093  INFO 7924 --- [    Test worker] o.apache.catalina.core.StandardService   : Starting service [Tomcat]
2021-11-06 01:55:54.093  INFO 7924 --- [    Test worker] org.apache.catalina.core.StandardEngine  : Starting Servlet engine: [Apache Tomcat/9.0.41]
2021-11-06 01:55:54.194  INFO 7924 --- [    Test worker] o.a.c.c.C.[Tomcat].[localhost].[/]       : Initializing Spring embedded WebApplicationContext
2021-11-06 01:55:54.194  INFO 7924 --- [    Test worker] w.s.c.ServletWebServerApplicationContext : Root WebApplicationContext: initialization completed in 1161 ms
2021-11-06 01:55:54.248  INFO 7924 --- [    Test worker] com.zaxxer.hikari.HikariDataSource       : HikariPool-1 - Starting...
2021-11-06 01:55:54.409  INFO 7924 --- [    Test worker] com.zaxxer.hikari.HikariDataSource       : HikariPool-1 - Start completed.
2021-11-06 01:55:54.415  INFO 7924 --- [    Test worker] o.s.b.a.h2.H2ConsoleAutoConfiguration    : H2 console available at '/h2-console'. Database available at 'jdbc:h2:mem:test'
2021-11-06 01:55:54.661  INFO 7924 --- [    Test worker] o.hibernate.jpa.internal.util.LogHelper  : HHH000204: Processing PersistenceUnitInfo [name: default]
2021-11-06 01:55:54.715  INFO 7924 --- [    Test worker] org.hibernate.Version                    : HHH000412: Hibernate ORM core version 5.4.25.Final
2021-11-06 01:55:54.847  INFO 7924 --- [    Test worker] o.hibernate.annotations.common.Version   : HCANN000001: Hibernate Commons Annotations {5.1.2.Final}
2021-11-06 01:55:54.955  INFO 7924 --- [    Test worker] org.hibernate.dialect.Dialect            : HHH000400: Using dialect: org.hibernate.dialect.MySQL57Dialect
Hibernate: drop table if exists posts
Hibernate: create table posts (id bigint not null auto_increment, created_date datetime(6), modified_date datetime(6), author varchar(255), content TEXT not null, title varchar(500) not null, primary key (id)) engine=InnoDB
2021-11-06 01:55:55.469  INFO 7924 --- [    Test worker] o.h.e.t.j.p.i.JtaPlatformInitiator       : HHH000490: Using JtaPlatform implementation: [org.hibernate.engine.transaction.jta.platform.internal.NoJtaPlatform]
2021-11-06 01:55:55.476  INFO 7924 --- [    Test worker] j.LocalContainerEntityManagerFactoryBean : Initialized JPA EntityManagerFactory for persistence unit 'default'
2021-11-06 01:55:55.805  WARN 7924 --- [    Test worker] JpaBaseConfiguration$JpaWebConfiguration : spring.jpa.open-in-view is enabled by default. Therefore, database queries may be performed during view rendering. Explicitly configure spring.jpa.open-in-view to disable this warning
2021-11-06 01:55:55.978  INFO 7924 --- [    Test worker] o.s.s.concurrent.ThreadPoolTaskExecutor  : Initializing ExecutorService 'applicationTaskExecutor'
2021-11-06 01:55:56.067  INFO 7924 --- [    Test worker] o.s.b.a.w.s.WelcomePageHandlerMapping    : Adding welcome page template: index
2021-11-06 01:55:56.290  INFO 7924 --- [    Test worker] o.s.b.w.embedded.tomcat.TomcatWebServer  : Tomcat started on port(s): 32414 (http) with context path ''
2021-11-06 01:55:56.298  INFO 7924 --- [    Test worker] c.e.SpringBoot.web.IndexControllerTest   : Started IndexControllerTest in 3.505 seconds (JVM running for 4.494)
2021-11-06 01:55:56.466  INFO 7924 --- [o-auto-1-exec-1] o.a.c.c.C.[Tomcat].[localhost].[/]       : Initializing Spring DispatcherServlet 'dispatcherServlet'
2021-11-06 01:55:56.467  INFO 7924 --- [o-auto-1-exec-1] o.s.web.servlet.DispatcherServlet        : Initializing Servlet 'dispatcherServlet'
2021-11-06 01:55:56.468  INFO 7924 --- [o-auto-1-exec-1] o.s.web.servlet.DispatcherServlet        : Completed initialization in 1 ms
]]></system-out>
  <system-err><![CDATA[]]></system-err>
</testsuite>
