<?xml version="1.0" encoding="UTF-8"?>
<testsuite name="com.example.SpringBoot.web.dto.HelloResponseDtoTest" tests="1" skipped="0" failures="0" errors="0" timestamp="2021-11-17T10:40:42" hostname="DESKTOP-12V2IF3" time="0.003">
  <properties/>
  <testcase name="롬복_기능_테스트()" classname="com.example.SpringBoot.web.dto.HelloResponseDtoTest" time="0.003"/>
  <system-out><![CDATA[]]></system-out>
  <system-err><![CDATA[]]></system-err>
</testsuite>
