<?xml version="1.0" encoding="UTF-8"?>
<testsuite name="com.example.SpringBoot.web.HelloControllerTest" tests="2" skipped="0" failures="0" errors="0" timestamp="2021-11-17T10:40:43" hostname="DESKTOP-12V2IF3" time="0.115">
  <properties/>
  <testcase name="hello가_리턴된다()" classname="com.example.SpringBoot.web.HelloControllerTest" time="0.053"/>
  <testcase name="helloDto가_리턴된다()" classname="com.example.SpringBoot.web.HelloControllerTest" time="0.061"/>
  <system-out><![CDATA[2021-11-17 19:40:42.559  INFO 8484 --- [    Test worker] .b.t.a.w.s.WebMvcTestContextBootstrapper : Neither @ContextConfiguration nor @ContextHierarchy found for test class [com.example.SpringBoot.web.HelloControllerTest], using SpringBootContextLoader
2021-11-17 19:40:42.560  INFO 8484 --- [    Test worker] o.s.t.c.support.AbstractContextLoader    : Could not detect default resource locations for test class [com.example.SpringBoot.web.HelloControllerTest]: no resource found for suffixes {-context.xml, Context.groovy}.
2021-11-17 19:40:42.560  INFO 8484 --- [    Test worker] t.c.s.AnnotationConfigContextLoaderUtils : Could not detect default configuration classes for test class [com.example.SpringBoot.web.HelloControllerTest]: HelloControllerTest does not declare any static, non-private, non-final, nested classes annotated with @Configuration.
2021-11-17 19:40:42.574  INFO 8484 --- [    Test worker] .b.t.c.SpringBootTestContextBootstrapper : Found @SpringBootConfiguration com.example.SpringBoot.Application for test class com.example.SpringBoot.web.HelloControllerTest
2021-11-17 19:40:42.574  INFO 8484 --- [    Test worker] .b.t.a.w.s.WebMvcTestContextBootstrapper : Loaded default TestExecutionListener class names from location [META-INF/spring.factories]: [org.springframework.security.test.context.support.WithSecurityContextTestExecutionListener, org.springframework.security.test.context.support.ReactorContextTestExecutionListener, org.springframework.boot.test.autoconfigure.restdocs.RestDocsTestExecutionListener, org.springframework.boot.test.autoconfigure.web.client.MockRestServiceServerResetTestExecutionListener, org.springframework.boot.test.autoconfigure.web.servlet.MockMvcPrintOnlyOnFailureTestExecutionListener, org.springframework.boot.test.autoconfigure.web.servlet.WebDriverTestExecutionListener, org.springframework.boot.test.autoconfigure.webservices.client.MockWebServiceServerTestExecutionListener, org.springframework.boot.test.mock.mockito.MockitoTestExecutionListener, org.springframework.boot.test.mock.mockito.ResetMocksTestExecutionListener, org.springframework.test.context.web.ServletTestExecutionListener, org.springframework.test.context.support.DirtiesContextBeforeModesTestExecutionListener, org.springframework.test.context.support.DependencyInjectionTestExecutionListener, org.springframework.test.context.support.DirtiesContextTestExecutionListener, org.springframework.test.context.transaction.TransactionalTestExecutionListener, org.springframework.test.context.jdbc.SqlScriptsTestExecutionListener, org.springframework.test.context.event.EventPublishingTestExecutionListener]
2021-11-17 19:40:42.575  INFO 8484 --- [    Test worker] .b.t.a.w.s.WebMvcTestContextBootstrapper : Using TestExecutionListeners: [org.springframework.test.context.web.ServletTestExecutionListener@4ccaa9e1, org.springframework.test.context.support.DirtiesContextBeforeModesTestExecutionListener@3e86650, org.springframework.boot.test.mock.mockito.MockitoTestExecutionListener@198034cb, org.springframework.boot.test.autoconfigure.SpringBootDependencyInjectionTestExecutionListener@28ef2126, org.springframework.test.context.support.DirtiesContextTestExecutionListener@3173107b, org.springframework.test.context.transaction.TransactionalTestExecutionListener@71693ae3, org.springframework.test.context.jdbc.SqlScriptsTestExecutionListener@69d77e69, org.springframework.security.test.context.support.WithSecurityContextTestExecutionListener@38e09464, org.springframework.test.context.event.EventPublishingTestExecutionListener@1139abcb, org.springframework.security.test.context.support.ReactorContextTestExecutionListener@29bf352d, org.springframework.boot.test.autoconfigure.restdocs.RestDocsTestExecutionListener@7bc92245, org.springframework.boot.test.autoconfigure.web.client.MockRestServiceServerResetTestExecutionListener@47b6daec, org.springframework.boot.test.autoconfigure.web.servlet.MockMvcPrintOnlyOnFailureTestExecutionListener@1b0d4622, org.springframework.boot.test.autoconfigure.web.servlet.WebDriverTestExecutionListener@4bcb1e33, org.springframework.boot.test.autoconfigure.webservices.client.MockWebServiceServerTestExecutionListener@7922c605, org.springframework.boot.test.mock.mockito.ResetMocksTestExecutionListener@8b21277]

  .   ____          _            __ _ _
 /\\ / ___'_ __ _ _(_)_ __  __ _ \ \ \ \
( ( )\___ | '_ | '_| | '_ \/ _` | \ \ \ \
 \\/  ___)| |_)| | | | | || (_| |  ) ) ) )
  '  |____| .__|_| |_|_| |_\__, | / / / /
 =========|_|==============|___/=/_/_/_/
 :: Spring Boot ::                (v2.4.1)

2021-11-17 19:40:42.596  INFO 8484 --- [    Test worker] c.e.SpringBoot.web.HelloControllerTest   : Starting HelloControllerTest using Java 11.0.13 on DESKTOP-12V2IF3 with PID 8484 (started by 장지혁 in C:\Users\장지혁\Desktop\code\SpringBoot)
2021-11-17 19:40:42.596  INFO 8484 --- [    Test worker] c.e.SpringBoot.web.HelloControllerTest   : The following profiles are active: oauth
2021-11-17 19:40:42.806  INFO 8484 --- [    Test worker] o.s.s.concurrent.ThreadPoolTaskExecutor  : Initializing ExecutorService 'applicationTaskExecutor'
2021-11-17 19:40:42.834  INFO 8484 --- [    Test worker] o.s.b.a.w.s.WelcomePageHandlerMapping    : Adding welcome page template: index
2021-11-17 19:40:43.003  INFO 8484 --- [    Test worker] o.s.s.web.DefaultSecurityFilterChain     : Will secure any request with [org.springframework.security.web.context.request.async.WebAsyncManagerIntegrationFilter@58c3dd69, org.springframework.security.web.context.SecurityContextPersistenceFilter@389010e9, org.springframework.security.web.header.HeaderWriterFilter@cb4ce58, org.springframework.security.web.csrf.CsrfFilter@4fd7d5cd, org.springframework.security.web.authentication.logout.LogoutFilter@5ce7b883, org.springframework.security.oauth2.client.web.OAuth2AuthorizationRequestRedirectFilter@54819cc9, org.springframework.security.oauth2.client.web.OAuth2AuthorizationRequestRedirectFilter@211c691d, org.springframework.security.oauth2.client.web.OAuth2LoginAuthenticationFilter@5041c88d, org.springframework.security.web.authentication.ui.DefaultLoginPageGeneratingFilter@16604c34, org.springframework.security.web.authentication.ui.DefaultLogoutPageGeneratingFilter@a480943, org.springframework.security.web.savedrequest.RequestCacheAwareFilter@251dfa19, org.springframework.security.web.servletapi.SecurityContextHolderAwareRequestFilter@f7126ec, org.springframework.security.web.authentication.AnonymousAuthenticationFilter@5b81b5cb, org.springframework.security.oauth2.client.web.OAuth2AuthorizationCodeGrantFilter@2fa15dce, org.springframework.security.web.session.SessionManagementFilter@526736a7, org.springframework.security.web.access.ExceptionTranslationFilter@7d3c158f, org.springframework.security.web.access.intercept.FilterSecurityInterceptor@46c1889d]
2021-11-17 19:40:43.065  INFO 8484 --- [    Test worker] o.s.b.t.m.w.SpringBootMockServletContext : Initializing Spring TestDispatcherServlet ''
2021-11-17 19:40:43.065  INFO 8484 --- [    Test worker] o.s.t.web.servlet.TestDispatcherServlet  : Initializing Servlet ''
2021-11-17 19:40:43.066  INFO 8484 --- [    Test worker] o.s.t.web.servlet.TestDispatcherServlet  : Completed initialization in 1 ms
2021-11-17 19:40:43.075  INFO 8484 --- [    Test worker] c.e.SpringBoot.web.HelloControllerTest   : Started HelloControllerTest in 0.497 seconds (JVM running for 5.802)
]]></system-out>
  <system-err><![CDATA[]]></system-err>
</testsuite>
