<?xml version="1.0" encoding="UTF-8"?>
<testsuite name="com.example.SpringBoot.domain.posts.PostsRepositoryTest" tests="2" skipped="0" failures="0" errors="0" timestamp="2021-11-16T04:25:15" hostname="DESKTOP-12V2IF3" time="0.024">
  <properties/>
  <testcase name="게시글저장_불러오기()" classname="com.example.SpringBoot.domain.posts.PostsRepositoryTest" time="0.014"/>
  <testcase name="BaseTimeEntity_등록()" classname="com.example.SpringBoot.domain.posts.PostsRepositoryTest" time="0.009"/>
  <system-out><![CDATA[2021-11-16 13:25:14.910  INFO 7696 --- [    Test worker] .b.t.c.SpringBootTestContextBootstrapper : Neither @ContextConfiguration nor @ContextHierarchy found for test class [com.example.SpringBoot.domain.posts.PostsRepositoryTest], using SpringBootContextLoader
2021-11-16 13:25:14.910  INFO 7696 --- [    Test worker] o.s.t.c.support.AbstractContextLoader    : Could not detect default resource locations for test class [com.example.SpringBoot.domain.posts.PostsRepositoryTest]: no resource found for suffixes {-context.xml, Context.groovy}.
2021-11-16 13:25:14.910  INFO 7696 --- [    Test worker] t.c.s.AnnotationConfigContextLoaderUtils : Could not detect default configuration classes for test class [com.example.SpringBoot.domain.posts.PostsRepositoryTest]: PostsRepositoryTest does not declare any static, non-private, non-final, nested classes annotated with @Configuration.
2021-11-16 13:25:14.917  INFO 7696 --- [    Test worker] .b.t.c.SpringBootTestContextBootstrapper : Found @SpringBootConfiguration com.example.SpringBoot.Application for test class com.example.SpringBoot.domain.posts.PostsRepositoryTest
2021-11-16 13:25:14.918  INFO 7696 --- [    Test worker] .b.t.c.SpringBootTestContextBootstrapper : Loaded default TestExecutionListener class names from location [META-INF/spring.factories]: [org.springframework.security.test.context.support.WithSecurityContextTestExecutionListener, org.springframework.security.test.context.support.ReactorContextTestExecutionListener, org.springframework.boot.test.autoconfigure.restdocs.RestDocsTestExecutionListener, org.springframework.boot.test.autoconfigure.web.client.MockRestServiceServerResetTestExecutionListener, org.springframework.boot.test.autoconfigure.web.servlet.MockMvcPrintOnlyOnFailureTestExecutionListener, org.springframework.boot.test.autoconfigure.web.servlet.WebDriverTestExecutionListener, org.springframework.boot.test.autoconfigure.webservices.client.MockWebServiceServerTestExecutionListener, org.springframework.boot.test.mock.mockito.MockitoTestExecutionListener, org.springframework.boot.test.mock.mockito.ResetMocksTestExecutionListener, org.springframework.test.context.web.ServletTestExecutionListener, org.springframework.test.context.support.DirtiesContextBeforeModesTestExecutionListener, org.springframework.test.context.support.DependencyInjectionTestExecutionListener, org.springframework.test.context.support.DirtiesContextTestExecutionListener, org.springframework.test.context.transaction.TransactionalTestExecutionListener, org.springframework.test.context.jdbc.SqlScriptsTestExecutionListener, org.springframework.test.context.event.EventPublishingTestExecutionListener]
2021-11-16 13:25:14.919  INFO 7696 --- [    Test worker] .b.t.c.SpringBootTestContextBootstrapper : Using TestExecutionListeners: [org.springframework.test.context.web.ServletTestExecutionListener@b45c3d9, org.springframework.test.context.support.DirtiesContextBeforeModesTestExecutionListener@3333292d, org.springframework.boot.test.mock.mockito.MockitoTestExecutionListener@58cbede4, org.springframework.boot.test.autoconfigure.SpringBootDependencyInjectionTestExecutionListener@3c1112be, org.springframework.test.context.support.DirtiesContextTestExecutionListener@19ef45ee, org.springframework.test.context.transaction.TransactionalTestExecutionListener@33bf6dbf, org.springframework.test.context.jdbc.SqlScriptsTestExecutionListener@341c12e1, org.springframework.security.test.context.support.WithSecurityContextTestExecutionListener@2c623e, org.springframework.test.context.event.EventPublishingTestExecutionListener@630f97e0, org.springframework.security.test.context.support.ReactorContextTestExecutionListener@2b95ccab, org.springframework.boot.test.autoconfigure.restdocs.RestDocsTestExecutionListener@7f4a4822, org.springframework.boot.test.autoconfigure.web.client.MockRestServiceServerResetTestExecutionListener@1c14f867, org.springframework.boot.test.autoconfigure.web.servlet.MockMvcPrintOnlyOnFailureTestExecutionListener@33bcc92, org.springframework.boot.test.autoconfigure.web.servlet.WebDriverTestExecutionListener@6cea8ca, org.springframework.boot.test.autoconfigure.webservices.client.MockWebServiceServerTestExecutionListener@2b68fb69, org.springframework.boot.test.mock.mockito.ResetMocksTestExecutionListener@1084f9a3]

  .   ____          _            __ _ _
 /\\ / ___'_ __ _ _(_)_ __  __ _ \ \ \ \
( ( )\___ | '_ | '_| | '_ \/ _` | \ \ \ \
 \\/  ___)| |_)| | | | | || (_| |  ) ) ) )
  '  |____| .__|_| |_|_| |_\__, | / / / /
 =========|_|==============|___/=/_/_/_/
 :: Spring Boot ::                (v2.4.1)

2021-11-16 13:25:14.939  INFO 7696 --- [    Test worker] c.e.S.domain.posts.PostsRepositoryTest   : Starting PostsRepositoryTest using Java 11.0.13 on DESKTOP-12V2IF3 with PID 7696 (started by 장지혁 in C:\Users\장지혁\Desktop\code\SpringBoot)
2021-11-16 13:25:14.939  INFO 7696 --- [    Test worker] c.e.S.domain.posts.PostsRepositoryTest   : The following profiles are active: oauth
2021-11-16 13:25:15.116  INFO 7696 --- [    Test worker] .s.d.r.c.RepositoryConfigurationDelegate : Bootstrapping Spring Data JPA repositories in DEFAULT mode.
2021-11-16 13:25:15.132  INFO 7696 --- [    Test worker] .s.d.r.c.RepositoryConfigurationDelegate : Finished Spring Data repository scanning in 16 ms. Found 2 JPA repository interfaces.
2021-11-16 13:25:15.233  INFO 7696 --- [    Test worker] com.zaxxer.hikari.HikariDataSource       : HikariPool-2 - Starting...
2021-11-16 13:25:15.233  INFO 7696 --- [    Test worker] com.zaxxer.hikari.HikariDataSource       : HikariPool-2 - Start completed.
2021-11-16 13:25:15.248  INFO 7696 --- [    Test worker] o.hibernate.jpa.internal.util.LogHelper  : HHH000204: Processing PersistenceUnitInfo [name: default]
2021-11-16 13:25:15.255  INFO 7696 --- [    Test worker] org.hibernate.dialect.Dialect            : HHH000400: Using dialect: org.hibernate.dialect.MySQL57Dialect
Hibernate: drop table if exists posts
Hibernate: drop table if exists user
Hibernate: create table posts (id bigint not null auto_increment, created_date datetime(6), modified_date datetime(6), author varchar(255), content TEXT not null, title varchar(500) not null, primary key (id)) engine=InnoDB
Hibernate: create table user (id bigint not null auto_increment, created_date datetime(6), modified_date datetime(6), email varchar(255) not null, name varchar(255) not null, picture varchar(255), role varchar(255) not null, primary key (id)) engine=InnoDB
2021-11-16 13:25:15.292  INFO 7696 --- [    Test worker] o.h.e.t.j.p.i.JtaPlatformInitiator       : HHH000490: Using JtaPlatform implementation: [org.hibernate.engine.transaction.jta.platform.internal.NoJtaPlatform]
2021-11-16 13:25:15.292  INFO 7696 --- [    Test worker] j.LocalContainerEntityManagerFactoryBean : Initialized JPA EntityManagerFactory for persistence unit 'default'
2021-11-16 13:25:15.383  WARN 7696 --- [    Test worker] JpaBaseConfiguration$JpaWebConfiguration : spring.jpa.open-in-view is enabled by default. Therefore, database queries may be performed during view rendering. Explicitly configure spring.jpa.open-in-view to disable this warning
2021-11-16 13:25:15.497  INFO 7696 --- [    Test worker] o.s.s.web.DefaultSecurityFilterChain     : Will secure any request with [org.springframework.security.web.context.request.async.WebAsyncManagerIntegrationFilter@5e323de4, org.springframework.security.web.context.SecurityContextPersistenceFilter@4bcda0c1, org.springframework.security.web.header.HeaderWriterFilter@e97c701, org.springframework.security.web.authentication.logout.LogoutFilter@2598d2b8, org.springframework.security.oauth2.client.web.OAuth2AuthorizationRequestRedirectFilter@379c06df, org.springframework.security.oauth2.client.web.OAuth2LoginAuthenticationFilter@64aeaf43, org.springframework.security.web.authentication.ui.DefaultLoginPageGeneratingFilter@32c41dd, org.springframework.security.web.authentication.ui.DefaultLogoutPageGeneratingFilter@30db37e7, org.springframework.security.web.savedrequest.RequestCacheAwareFilter@12b25d7c, org.springframework.security.web.servletapi.SecurityContextHolderAwareRequestFilter@22ad3fe4, org.springframework.security.web.authentication.AnonymousAuthenticationFilter@672675dd, org.springframework.security.web.session.SessionManagementFilter@2af17a26, org.springframework.security.web.access.ExceptionTranslationFilter@4a327286, org.springframework.security.web.access.intercept.FilterSecurityInterceptor@66f11ec3]
2021-11-16 13:25:15.611  INFO 7696 --- [    Test worker] o.s.s.concurrent.ThreadPoolTaskExecutor  : Initializing ExecutorService 'applicationTaskExecutor'
2021-11-16 13:25:15.622  INFO 7696 --- [    Test worker] o.s.b.a.h2.H2ConsoleAutoConfiguration    : H2 console available at '/h2-console'. Database available at 'jdbc:h2:mem:test'
2021-11-16 13:25:15.640  INFO 7696 --- [    Test worker] o.s.b.a.w.s.WelcomePageHandlerMapping    : Adding welcome page template: index
2021-11-16 13:25:15.804  INFO 7696 --- [    Test worker] s.a.ScheduledAnnotationBeanPostProcessor : No TaskScheduler/ScheduledExecutorService bean found for scheduled processing
2021-11-16 13:25:15.805  INFO 7696 --- [    Test worker] c.e.S.domain.posts.PostsRepositoryTest   : Started PostsRepositoryTest in 0.881 seconds (JVM running for 6.651)
Hibernate: insert into posts (created_date, modified_date, author, content, title) values (?, ?, ?, ?, ?)
Hibernate: select posts0_.id as id1_0_, posts0_.created_date as created_2_0_, posts0_.modified_date as modified3_0_, posts0_.author as author4_0_, posts0_.content as content5_0_, posts0_.title as title6_0_ from posts posts0_
Hibernate: select posts0_.id as id1_0_, posts0_.created_date as created_2_0_, posts0_.modified_date as modified3_0_, posts0_.author as author4_0_, posts0_.content as content5_0_, posts0_.title as title6_0_ from posts posts0_
Hibernate: delete from posts where id=?
Hibernate: insert into posts (created_date, modified_date, author, content, title) values (?, ?, ?, ?, ?)
Hibernate: select posts0_.id as id1_0_, posts0_.created_date as created_2_0_, posts0_.modified_date as modified3_0_, posts0_.author as author4_0_, posts0_.content as content5_0_, posts0_.title as title6_0_ from posts posts0_
>>>>>>>>> createDate=2021-11-16T13:25:15.824559, modifiedDate=2021-11-16T13:25:15.824559
Hibernate: select posts0_.id as id1_0_, posts0_.created_date as created_2_0_, posts0_.modified_date as modified3_0_, posts0_.author as author4_0_, posts0_.content as content5_0_, posts0_.title as title6_0_ from posts posts0_
Hibernate: delete from posts where id=?
]]></system-out>
  <system-err><![CDATA[]]></system-err>
</testsuite>
