<?xml version="1.0" encoding="UTF-8"?>
<testsuite name="com.example.SpringBoot.web.IndexControllerTest" tests="1" skipped="0" failures="0" errors="0" timestamp="2021-11-16T04:25:16" hostname="DESKTOP-12V2IF3" time="0.045">
  <properties/>
  <testcase name="메인페이지_로딩()" classname="com.example.SpringBoot.web.IndexControllerTest" time="0.045"/>
  <system-out><![CDATA[2021-11-16 13:25:16.375  INFO 7696 --- [    Test worker] .b.t.c.SpringBootTestContextBootstrapper : Neither @ContextConfiguration nor @ContextHierarchy found for test class [com.example.SpringBoot.web.IndexControllerTest], using SpringBootContextLoader
2021-11-16 13:25:16.376  INFO 7696 --- [    Test worker] o.s.t.c.support.AbstractContextLoader    : Could not detect default resource locations for test class [com.example.SpringBoot.web.IndexControllerTest]: no resource found for suffixes {-context.xml, Context.groovy}.
2021-11-16 13:25:16.376  INFO 7696 --- [    Test worker] t.c.s.AnnotationConfigContextLoaderUtils : Could not detect default configuration classes for test class [com.example.SpringBoot.web.IndexControllerTest]: IndexControllerTest does not declare any static, non-private, non-final, nested classes annotated with @Configuration.
2021-11-16 13:25:16.377  INFO 7696 --- [    Test worker] .b.t.c.SpringBootTestContextBootstrapper : Found @SpringBootConfiguration com.example.SpringBoot.Application for test class com.example.SpringBoot.web.IndexControllerTest
2021-11-16 13:25:16.378  INFO 7696 --- [    Test worker] .b.t.c.SpringBootTestContextBootstrapper : Loaded default TestExecutionListener class names from location [META-INF/spring.factories]: [org.springframework.security.test.context.support.WithSecurityContextTestExecutionListener, org.springframework.security.test.context.support.ReactorContextTestExecutionListener, org.springframework.boot.test.autoconfigure.restdocs.RestDocsTestExecutionListener, org.springframework.boot.test.autoconfigure.web.client.MockRestServiceServerResetTestExecutionListener, org.springframework.boot.test.autoconfigure.web.servlet.MockMvcPrintOnlyOnFailureTestExecutionListener, org.springframework.boot.test.autoconfigure.web.servlet.WebDriverTestExecutionListener, org.springframework.boot.test.autoconfigure.webservices.client.MockWebServiceServerTestExecutionListener, org.springframework.boot.test.mock.mockito.MockitoTestExecutionListener, org.springframework.boot.test.mock.mockito.ResetMocksTestExecutionListener, org.springframework.test.context.web.ServletTestExecutionListener, org.springframework.test.context.support.DirtiesContextBeforeModesTestExecutionListener, org.springframework.test.context.support.DependencyInjectionTestExecutionListener, org.springframework.test.context.support.DirtiesContextTestExecutionListener, org.springframework.test.context.transaction.TransactionalTestExecutionListener, org.springframework.test.context.jdbc.SqlScriptsTestExecutionListener, org.springframework.test.context.event.EventPublishingTestExecutionListener]
2021-11-16 13:25:16.378  INFO 7696 --- [    Test worker] .b.t.c.SpringBootTestContextBootstrapper : Using TestExecutionListeners: [org.springframework.test.context.web.ServletTestExecutionListener@f7384e0, org.springframework.test.context.support.DirtiesContextBeforeModesTestExecutionListener@514f722f, org.springframework.boot.test.mock.mockito.MockitoTestExecutionListener@31801e81, org.springframework.boot.test.autoconfigure.SpringBootDependencyInjectionTestExecutionListener@41d2fa72, org.springframework.test.context.support.DirtiesContextTestExecutionListener@5215222c, org.springframework.test.context.transaction.TransactionalTestExecutionListener@7861ec4b, org.springframework.test.context.jdbc.SqlScriptsTestExecutionListener@49a481d0, org.springframework.security.test.context.support.WithSecurityContextTestExecutionListener@1f73f3fc, org.springframework.test.context.event.EventPublishingTestExecutionListener@640cb67c, org.springframework.security.test.context.support.ReactorContextTestExecutionListener@13780d02, org.springframework.boot.test.autoconfigure.restdocs.RestDocsTestExecutionListener@7e3fa4bc, org.springframework.boot.test.autoconfigure.web.client.MockRestServiceServerResetTestExecutionListener@7e534494, org.springframework.boot.test.autoconfigure.web.servlet.MockMvcPrintOnlyOnFailureTestExecutionListener@7feda274, org.springframework.boot.test.autoconfigure.web.servlet.WebDriverTestExecutionListener@2c2ea096, org.springframework.boot.test.autoconfigure.webservices.client.MockWebServiceServerTestExecutionListener@2f37ebeb, org.springframework.boot.test.mock.mockito.ResetMocksTestExecutionListener@4ba46d7d]
Hibernate: select posts0_.id as id1_0_, posts0_.created_date as created_2_0_, posts0_.modified_date as modified3_0_, posts0_.author as author4_0_, posts0_.content as content5_0_, posts0_.title as title6_0_ from posts posts0_ order by posts0_.id DESC
]]></system-out>
  <system-err><![CDATA[]]></system-err>
</testsuite>
